[01m[Kc++:[m[K [01;31m[Kerror: [m[K$(OpenCV_LIBRARIES): No such file or directory
make[2]: *** [CMakeFiles/zed-ros-3d-node.dir/build.make:136: zed-ros-3d-node] Error 1
make[1]: *** [CMakeFiles/Makefile2:1618: CMakeFiles/zed-ros-3d-node.dir/all] Error 2
make: *** [Makefile:146: all] Error 2
